<?xml version="1.0" encoding="UTF-8"?>
<testng-results ignored="0" total="1" passed="1" failed="0" skipped="0">
  <reporter-output>
  </reporter-output>
  <suite started-at="2024-10-23T23:22:41 CEST" name="Default suite" finished-at="2024-10-23T23:23:06 CEST" duration-ms="25473">
    <groups>
    </groups>
    <test started-at="2024-10-23T23:22:41 CEST" name="Default test" finished-at="2024-10-23T23:23:06 CEST" duration-ms="25473">
      <class name="testCases.FieldUploadDemo2">
        <test-method is-config="true" signature="setup()[pri:0, instance:testCases.FieldUploadDemo2@5b12b668]" started-at="2024-10-23T23:22:41 CEST" name="setup" finished-at="2024-10-23T23:22:59 CEST" duration-ms="18280" status="PASS">
          <reporter-output>
          </reporter-output>
        </test-method> <!-- setup -->
        <test-method signature="fileUploadTest()[pri:0, instance:testCases.FieldUploadDemo2@5b12b668]" started-at="2024-10-23T23:22:59 CEST" name="fileUploadTest" finished-at="2024-10-23T23:23:01 CEST" duration-ms="1598" status="PASS">
          <reporter-output>
          </reporter-output>
        </test-method> <!-- fileUploadTest -->
        <test-method is-config="true" signature="tearDown()[pri:0, instance:testCases.FieldUploadDemo2@5b12b668]" started-at="2024-10-23T23:23:01 CEST" name="tearDown" finished-at="2024-10-23T23:23:06 CEST" duration-ms="5191" status="PASS">
          <reporter-output>
          </reporter-output>
        </test-method> <!-- tearDown -->
      </class> <!-- testCases.FieldUploadDemo2 -->
    </test> <!-- Default test -->
  </suite> <!-- Default suite -->
</testng-results>
